Building DAG of jobs...
Using shell: /usr/bin/bash
Provided cores: 1
Rules claiming more threads will be scaled down.
Job counts:
	count	jobs
	1	all
	1	pca
	2

[Thu Jan 24 13:06:36 2019]
rule pca:
    input: sleuth/sleuth_matrix.csv
    output: plots/pca.svg
    jobid: 1

Activating conda environment: /home/sattle00/Fachprojekt/test/.snakemake/conda/570168b1
[Thu Jan 24 13:06:44 2019]
Finished job 1.
1 of 2 steps (50%) done

[Thu Jan 24 13:06:44 2019]
localrule all:
    input: plots/pca.svg
    jobid: 0

[Thu Jan 24 13:06:44 2019]
Finished job 0.
2 of 2 steps (100%) done
Complete log: /home/sattle00/Fachprojekt/test/.snakemake/log/2019-01-24T130635.608747.snakemake.log
