Building DAG of jobs...
Using shell: /usr/bin/bash
Provided cores: 1
Rules claiming more threads will be scaled down.
Job counts:
	count	jobs
	1	all
	1	heatmap
	3	kallisto_quant
	1	pca
	1	sleuth
	1	volcano
	8

[Thu Jan 24 13:41:41 2019]
rule kallisto_quant:
    input: kallisto/transcripts.idx, data/reads/b.chr21.1.fq, data/reads/b.chr21.2.fq
    output: kallisto/b
    jobid: 6
    wildcards: sample=b

[Thu Jan 24 13:41:41 2019]
Finished job 6.
1 of 8 steps (12%) done

[Thu Jan 24 13:41:41 2019]
rule kallisto_quant:
    input: kallisto/transcripts.idx, data/reads/a.chr21.1.fq, data/reads/a.chr21.2.fq
    output: kallisto/c
    jobid: 7
    wildcards: sample=c

[Thu Jan 24 13:41:41 2019]
Finished job 7.
2 of 8 steps (25%) done

[Thu Jan 24 13:41:41 2019]
rule kallisto_quant:
    input: kallisto/transcripts.idx, data/reads/a.chr21.1.fq, data/reads/a.chr21.2.fq
    output: kallisto/a
    jobid: 8
    wildcards: sample=a

[Thu Jan 24 13:41:42 2019]
Finished job 8.
3 of 8 steps (38%) done

[Thu Jan 24 13:41:42 2019]
rule sleuth:
    input: kallisto/a, kallisto/b, kallisto/c, kallisto/d, table_for_reads.csv
    output: sleuth/significant_transcripts.csv, sleuth/p-values_all_transcripts.csv, sleuth/sleuth_matrix.csv, sleuth/sleuth_object
    jobid: 4

[Thu Jan 24 13:41:43 2019]
Error in rule sleuth:
    jobid: 4
    output: sleuth/significant_transcripts.csv, sleuth/p-values_all_transcripts.csv, sleuth/sleuth_matrix.csv, sleuth/sleuth_object

RuleException:
CalledProcessError in line 50 of /home/sattle00/Fachprojekt/test/Snakefile:
Command ' set -euo pipefail;  Rscript /home/sattle00/Fachprojekt/test/.snakemake/scripts/tmp8rqx17fj.sleuth_script.R ' returned non-zero exit status 1.
  File "/home/sattle00/Fachprojekt/test/Snakefile", line 50, in __rule_sleuth
  File "/home/sattle00/miniconda3/envs/test/lib/python3.6/concurrent/futures/thread.py", line 56, in run
Shutting down, this might take some time.
Exiting because a job execution failed. Look above for error message
Complete log: /home/sattle00/Fachprojekt/test/.snakemake/log/2019-01-24T134140.637180.snakemake.log
